2018-03-07 15:44:12 INFO  ApacheHttpClient.sendEvent(457) - responseCode = 200
2018-03-07 15:45:12 INFO  ApacheHttpClient.sendEvent(457) - responseCode = 200
2018-03-07 15:46:12 INFO  ApacheHttpClient.sendEvent(457) - responseCode = 200
2018-03-07 15:47:12 INFO  ApacheHttpClient.sendEvent(457) - responseCode = 200
2018-03-07 15:48:12 INFO  ApacheHttpClient.sendEvent(457) - responseCode = 200
2018-03-07 15:49:12 INFO  ApacheHttpClient.sendEvent(457) - responseCode = 200
2018-03-07 15:50:12 INFO  ApacheHttpClient.sendEvent(457) - responseCode = 200
2018-03-07 15:51:12 INFO  ApacheHttpClient.sendEvent(457) - responseCode = 200
2018-03-07 15:52:12 INFO  ApacheHttpClient.sendEvent(457) - responseCode = 200
2018-03-07 15:53:12 INFO  ApacheHttpClient.sendEvent(457) - responseCode = 200
2018-03-07 15:54:12 INFO  ApacheHttpClient.sendEvent(457) - responseCode = 200
2018-03-07 15:55:12 INFO  ApacheHttpClient.sendEvent(457) - responseCode = 200
2018-03-07 15:56:12 INFO  ApacheHttpClient.sendEvent(457) - responseCode = 200
2018-03-07 15:57:12 INFO  ApacheHttpClient.sendEvent(457) - responseCode = 200
2018-03-07 15:58:12 INFO  ApacheHttpClient.sendEvent(457) - responseCode = 200
2018-03-07 15:59:12 INFO  ApacheHttpClient.sendEvent(457) - responseCode = 200
2018-03-07 16:00:12 INFO  ApacheHttpClient.sendEvent(457) - responseCode = 200
2018-03-07 16:01:12 INFO  ApacheHttpClient.sendEvent(457) - responseCode = 200
2018-03-07 16:02:12 INFO  ApacheHttpClient.sendEvent(457) - responseCode = 200
2018-03-07 16:03:12 INFO  ApacheHttpClient.sendEvent(457) - responseCode = 200
2018-03-07 16:04:12 INFO  ApacheHttpClient.sendEvent(457) - responseCode = 200
2018-03-07 16:05:12 INFO  ApacheHttpClient.sendEvent(457) - responseCode = 200
2018-03-07 16:06:12 INFO  ApacheHttpClient.sendEvent(457) - responseCode = 200
2018-03-07 16:07:12 INFO  ApacheHttpClient.sendEvent(457) - responseCode = 200
2018-03-07 16:08:12 INFO  ApacheHttpClient.sendEvent(457) - responseCode = 200
2018-03-07 16:09:12 INFO  ApacheHttpClient.sendEvent(457) - responseCode = 200
2018-03-07 16:10:12 INFO  ApacheHttpClient.sendEvent(457) - responseCode = 200
2018-03-07 16:11:12 INFO  ApacheHttpClient.sendEvent(457) - responseCode = 200
2018-03-07 16:12:12 INFO  ApacheHttpClient.sendEvent(457) - responseCode = 200
2018-03-07 16:13:12 INFO  ApacheHttpClient.sendEvent(457) - responseCode = 200
2018-03-07 16:14:12 INFO  ApacheHttpClient.sendEvent(457) - responseCode = 200
2018-03-07 16:15:12 INFO  ApacheHttpClient.sendEvent(457) - responseCode = 200
2018-03-07 16:16:12 INFO  ApacheHttpClient.sendEvent(457) - responseCode = 200
2018-03-07 16:16:32 INFO  ApacheHttpClient.testConnection(184) - responseCode = 200
2018-03-07 16:16:32 INFO  ApacheHttpClient.testConnection(192) - result = true
2018-03-07 16:16:37 INFO  JavaRushTasksProjectComponent.projectClosing(162) - ---------- Project JavaRushTasks closed ----------

2018-03-07 16:16:37 INFO  ApacheHttpClient.getTask(412) - responseCode = 200
2018-03-07 16:16:37 INFO  ApacheHttpClient.getTask(412) - responseCode = 200
2018-03-07 16:16:38 INFO  ApacheHttpClient.getTask(412) - responseCode = 200
2018-03-12 11:15:24 INFO  JavaRushTasksProjectComponent.projectOpened(68) - ---------- Project JavaRushTasks opened ----------

2018-03-12 11:15:24 INFO  ApacheHttpClient.createAsyncHttpClient(126) - Выбрано 1 прокси.
2018-03-12 11:15:24 INFO  ApacheHttpClient.<init>(87) - ApacheHttpClient проинстанциирован успешно.
2018-03-12 11:15:25 INFO  ApacheHttpClient.testConnection(184) - responseCode = 200
2018-03-12 11:15:25 INFO  ApacheHttpClient.testConnection(192) - result = true
2018-03-12 11:15:25 INFO  ApacheHttpClient.login(216) - Ожидание ответа сервера.
2018-03-12 11:15:25 INFO  ApacheHttpClient.login(220) - responseCode = 200
2018-03-12 11:15:25 INFO  ApacheHttpClient.login(251) - JSESSIONID=6FD249FA6516E4B811F6A64A5FC33016
2018-03-12 11:15:25 INFO  ApacheHttpClient.refreshUserInfo(279) - responseCode = 200
2018-03-12 11:15:25 INFO  ApacheHttpClient.refreshUserInfo(285) - Информация о пользователе получена.
2018-03-12 11:15:25 INFO  ApacheHttpClient.startGA(31) - GAService запущен.
2018-03-12 11:15:25 INFO  AbstractRestApiClient.startService(70) - EventsService запущен.
2018-03-12 11:15:28 INFO  ApacheHttpClient.testConnection(184) - responseCode = 200
2018-03-12 11:15:28 INFO  ApacheHttpClient.testConnection(192) - result = true
2018-03-12 11:15:28 INFO  ApacheHttpClient.testConnection(184) - responseCode = 200
2018-03-12 11:15:28 INFO  ApacheHttpClient.testConnection(192) - result = true
2018-03-12 11:15:30 INFO  ApacheHttpClient.getWebResourceAsStream(427) - responseCode = 200
2018-03-12 11:15:33 INFO  ApacheHttpClient.testConnection(184) - responseCode = 200
2018-03-12 11:15:33 INFO  ApacheHttpClient.testConnection(192) - result = true
2018-03-12 11:15:34 INFO  ApacheHttpClient.testConnection(184) - responseCode = 200
2018-03-12 11:15:34 INFO  ApacheHttpClient.testConnection(192) - result = true
2018-03-12 11:15:34 INFO  ApacheHttpClient.testConnection(184) - responseCode = 200
2018-03-12 11:15:34 INFO  ApacheHttpClient.testConnection(192) - result = true
2018-03-12 11:16:25 INFO  ApacheHttpClient.sendEvent(457) - responseCode = 200
2018-03-12 11:17:25 INFO  ApacheHttpClient.sendEvent(457) - responseCode = 200
2018-03-12 11:17:33 INFO  ApacheHttpClient.getWebResourceAsStream(427) - responseCode = 200
2018-03-12 11:17:33 INFO  ApacheHttpClient.getFilteredTasks(314) - responseCode = 200
2018-03-12 11:17:36 INFO  ApacheHttpClient.getFilteredTasks(314) - responseCode = 200
2018-03-12 11:17:38 INFO  ApacheHttpClient.getTaskTemplateInfo(331) - responseCode = 200
2018-03-12 11:17:38 INFO  ApacheHttpClient.testConnection(184) - responseCode = 200
2018-03-12 11:17:38 INFO  ApacheHttpClient.testConnection(192) - result = true
2018-03-12 11:17:38 INFO  ApacheHttpClient.testConnection(184) - responseCode = 200
2018-03-12 11:17:38 INFO  ApacheHttpClient.testConnection(192) - result = true
2018-03-12 11:17:38 INFO  ApacheHttpClient.getWebResourceAsStream(427) - responseCode = 200
2018-03-12 11:18:25 INFO  ApacheHttpClient.sendEvent(457) - responseCode = 200
2018-03-12 11:19:25 INFO  ApacheHttpClient.sendEvent(457) - responseCode = 200
2018-03-12 11:19:30 INFO  ApacheHttpClient.testConnection(184) - responseCode = 200
2018-03-12 11:19:30 INFO  ApacheHttpClient.testConnection(192) - result = true
2018-03-12 11:20:25 INFO  ApacheHttpClient.sendEvent(457) - responseCode = 200
2018-03-12 11:21:25 INFO  ApacheHttpClient.sendEvent(457) - responseCode = 200
2018-03-12 11:22:25 INFO  ApacheHttpClient.sendEvent(457) - responseCode = 200
2018-03-12 11:23:25 INFO  ApacheHttpClient.sendEvent(457) - responseCode = 200
2018-03-12 11:24:25 INFO  ApacheHttpClient.sendEvent(457) - responseCode = 200
2018-03-12 11:25:25 INFO  ApacheHttpClient.sendEvent(457) - responseCode = 200
2018-03-12 11:26:25 INFO  ApacheHttpClient.sendEvent(457) - responseCode = 200
2018-03-12 11:26:32 INFO  ApacheHttpClient.getWebResourceAsStream(427) - responseCode = 200
2018-03-12 11:26:32 INFO  ApacheHttpClient.getTask(412) - responseCode = 200
2018-03-12 11:26:33 INFO  ApacheHttpClient.getWebResourceAsStream(427) - responseCode = 200
2018-03-12 11:26:34 INFO  ApacheHttpClient.completed(27) - responseCode = 200
2018-03-12 11:26:34 INFO  ApacheHttpClient.getTask(412) - responseCode = 200
2018-03-12 11:27:25 INFO  ApacheHttpClient.sendEvent(457) - responseCode = 200
2018-03-12 11:28:25 INFO  ApacheHttpClient.sendEvent(457) - responseCode = 200
2018-03-12 11:29:25 INFO  ApacheHttpClient.sendEvent(457) - responseCode = 200
2018-03-12 11:30:25 INFO  ApacheHttpClient.sendEvent(457) - responseCode = 200
2018-03-12 11:31:25 INFO  ApacheHttpClient.sendEvent(457) - responseCode = 200
2018-03-12 11:32:25 INFO  ApacheHttpClient.sendEvent(457) - responseCode = 200
2018-03-12 11:33:25 INFO  ApacheHttpClient.sendEvent(457) - responseCode = 200
2018-03-12 11:34:25 INFO  ApacheHttpClient.sendEvent(457) - responseCode = 200
2018-03-12 11:35:25 INFO  ApacheHttpClient.sendEvent(457) - responseCode = 200
2018-03-12 11:36:25 INFO  ApacheHttpClient.sendEvent(457) - responseCode = 200
2018-03-12 11:37:25 INFO  ApacheHttpClient.sendEvent(457) - responseCode = 200
2018-03-12 11:38:25 INFO  ApacheHttpClient.sendEvent(457) - responseCode = 200
2018-03-12 11:39:25 INFO  ApacheHttpClient.sendEvent(457) - responseCode = 200
2018-03-12 11:40:25 INFO  ApacheHttpClient.sendEvent(457) - responseCode = 200
2018-03-12 11:41:25 INFO  ApacheHttpClient.sendEvent(457) - responseCode = 200
2018-03-12 11:42:25 INFO  ApacheHttpClient.sendEvent(457) - responseCode = 200
2018-03-12 11:43:25 INFO  ApacheHttpClient.sendEvent(457) - responseCode = 200
2018-03-12 11:44:25 INFO  ApacheHttpClient.sendEvent(457) - responseCode = 200
2018-03-12 11:45:25 INFO  ApacheHttpClient.sendEvent(457) - responseCode = 200
2018-03-12 11:46:25 INFO  ApacheHttpClient.sendEvent(457) - responseCode = 200
2018-03-12 11:47:25 INFO  ApacheHttpClient.sendEvent(457) - responseCode = 200
2018-03-12 11:48:25 INFO  ApacheHttpClient.sendEvent(457) - responseCode = 200
2018-03-12 11:49:25 INFO  ApacheHttpClient.sendEvent(457) - responseCode = 200
2018-03-12 11:50:25 INFO  ApacheHttpClient.sendEvent(457) - responseCode = 200
2018-03-12 11:51:25 INFO  ApacheHttpClient.sendEvent(457) - responseCode = 200
2018-03-12 11:52:25 INFO  ApacheHttpClient.sendEvent(457) - responseCode = 200
2018-03-12 11:53:25 INFO  ApacheHttpClient.sendEvent(457) - responseCode = 200
2018-03-12 11:54:25 INFO  ApacheHttpClient.sendEvent(457) - responseCode = 200
2018-03-12 11:55:25 INFO  ApacheHttpClient.sendEvent(457) - responseCode = 200
2018-03-12 11:56:25 INFO  ApacheHttpClient.sendEvent(457) - responseCode = 200
2018-03-12 11:57:25 INFO  ApacheHttpClient.sendEvent(457) - responseCode = 200
2018-03-12 11:58:25 INFO  ApacheHttpClient.sendEvent(457) - responseCode = 200
2018-03-12 11:59:25 INFO  ApacheHttpClient.sendEvent(457) - responseCode = 200
2018-03-12 12:00:25 INFO  ApacheHttpClient.sendEvent(457) - responseCode = 200
2018-03-12 12:01:07 INFO  ApacheHttpClient.getWebResourceAsStream(427) - responseCode = 200
2018-03-12 12:01:08 INFO  ApacheHttpClient.getFilteredTasks(314) - responseCode = 200
2018-03-12 12:01:10 INFO  ApacheHttpClient.getFilteredTasks(314) - responseCode = 200
2018-03-12 12:01:12 INFO  ApacheHttpClient.getFilteredTasks(314) - responseCode = 200
2018-03-12 12:01:15 INFO  ApacheHttpClient.getTaskTemplateInfo(331) - responseCode = 200
2018-03-12 12:01:16 INFO  ApacheHttpClient.testConnection(184) - responseCode = 200
2018-03-12 12:01:16 INFO  ApacheHttpClient.testConnection(192) - result = true
2018-03-12 12:01:16 INFO  ApacheHttpClient.testConnection(184) - responseCode = 200
2018-03-12 12:01:16 INFO  ApacheHttpClient.testConnection(192) - result = true
2018-03-12 12:01:16 INFO  ApacheHttpClient.getWebResourceAsStream(427) - responseCode = 200
2018-03-12 12:01:25 INFO  ApacheHttpClient.sendEvent(457) - responseCode = 200
2018-03-12 12:02:25 INFO  ApacheHttpClient.sendEvent(457) - responseCode = 200
2018-03-12 12:03:25 INFO  ApacheHttpClient.sendEvent(457) - responseCode = 200
2018-03-12 12:03:34 INFO  ApacheHttpClient.getWebResourceAsStream(427) - responseCode = 200
2018-03-12 12:03:35 INFO  ApacheHttpClient.getFilteredTasks(314) - responseCode = 200
2018-03-12 12:03:37 INFO  ApacheHttpClient.getFilteredTasks(314) - responseCode = 200
2018-03-12 12:03:38 INFO  ApacheHttpClient.getFilteredTasks(314) - responseCode = 200
2018-03-12 12:03:43 INFO  ApacheHttpClient.getFilteredTasks(314) - responseCode = 200
2018-03-12 12:04:25 INFO  ApacheHttpClient.sendEvent(457) - responseCode = 200
2018-03-12 12:05:25 INFO  ApacheHttpClient.sendEvent(457) - responseCode = 200
2018-03-12 12:06:25 INFO  ApacheHttpClient.sendEvent(457) - responseCode = 200
2018-03-12 12:07:25 INFO  ApacheHttpClient.sendEvent(457) - responseCode = 200
2018-03-12 12:08:25 INFO  ApacheHttpClient.sendEvent(457) - responseCode = 200
2018-03-12 12:08:36 INFO  ApacheHttpClient.getWebResourceAsStream(427) - responseCode = 200
2018-03-12 12:08:36 INFO  ApacheHttpClient.getFilteredTasks(314) - responseCode = 200
2018-03-12 12:08:39 INFO  ApacheHttpClient.getTaskTemplateInfo(331) - responseCode = 200
2018-03-12 12:08:39 INFO  ApacheHttpClient.testConnection(184) - responseCode = 200
2018-03-12 12:08:39 INFO  ApacheHttpClient.testConnection(192) - result = true
2018-03-12 12:08:39 INFO  ApacheHttpClient.testConnection(184) - responseCode = 200
2018-03-12 12:08:39 INFO  ApacheHttpClient.testConnection(192) - result = true
2018-03-12 12:08:39 INFO  ApacheHttpClient.getWebResourceAsStream(427) - responseCode = 200
2018-03-12 12:09:25 INFO  ApacheHttpClient.sendEvent(457) - responseCode = 200
2018-03-12 12:10:25 INFO  ApacheHttpClient.sendEvent(457) - responseCode = 200
2018-03-12 12:11:09 INFO  ApacheHttpClient.getWebResourceAsStream(427) - responseCode = 200
2018-03-12 12:11:09 INFO  ApacheHttpClient.getFilteredTasks(314) - responseCode = 200
2018-03-12 12:11:10 INFO  ApacheHttpClient.getTaskTemplateInfo(331) - responseCode = 200
2018-03-12 12:11:11 INFO  ApacheHttpClient.testConnection(184) - responseCode = 200
2018-03-12 12:11:11 INFO  ApacheHttpClient.testConnection(192) - result = true
2018-03-12 12:11:11 INFO  ApacheHttpClient.testConnection(184) - responseCode = 200
2018-03-12 12:11:11 INFO  ApacheHttpClient.testConnection(192) - result = true
2018-03-12 12:11:11 INFO  ApacheHttpClient.getWebResourceAsStream(427) - responseCode = 200
2018-03-12 12:11:25 INFO  ApacheHttpClient.sendEvent(457) - responseCode = 200
2018-03-12 12:12:25 INFO  ApacheHttpClient.sendEvent(457) - responseCode = 200
2018-03-12 12:13:25 INFO  ApacheHttpClient.sendEvent(457) - responseCode = 200
2018-03-12 12:14:25 INFO  ApacheHttpClient.sendEvent(457) - responseCode = 200
2018-03-12 12:15:25 INFO  ApacheHttpClient.sendEvent(457) - responseCode = 200
2018-03-12 12:16:25 INFO  ApacheHttpClient.sendEvent(457) - responseCode = 200
2018-03-12 12:17:25 INFO  ApacheHttpClient.sendEvent(457) - responseCode = 200
2018-03-12 12:18:25 INFO  ApacheHttpClient.sendEvent(457) - responseCode = 200
2018-03-12 12:19:25 INFO  ApacheHttpClient.sendEvent(457) - responseCode = 200
2018-03-12 12:20:25 INFO  ApacheHttpClient.sendEvent(457) - responseCode = 200
2018-03-12 12:21:25 INFO  ApacheHttpClient.sendEvent(457) - responseCode = 200
2018-03-12 12:22:25 INFO  ApacheHttpClient.sendEvent(457) - responseCode = 200
2018-03-12 12:23:25 INFO  ApacheHttpClient.sendEvent(457) - responseCode = 200
2018-03-12 12:24:25 INFO  ApacheHttpClient.sendEvent(457) - responseCode = 200
2018-03-12 12:25:25 INFO  ApacheHttpClient.sendEvent(457) - responseCode = 200
2018-03-12 12:26:25 INFO  ApacheHttpClient.sendEvent(457) - responseCode = 200
2018-03-12 12:27:25 INFO  ApacheHttpClient.sendEvent(457) - responseCode = 200
2018-03-12 12:28:25 INFO  ApacheHttpClient.sendEvent(457) - responseCode = 200
2018-03-12 12:29:25 INFO  ApacheHttpClient.sendEvent(457) - responseCode = 200
2018-03-12 12:30:25 INFO  ApacheHttpClient.sendEvent(457) - responseCode = 200
2018-03-12 12:31:25 INFO  ApacheHttpClient.sendEvent(457) - responseCode = 200
2018-03-12 12:32:11 INFO  ApacheHttpClient.testConnection(184) - responseCode = 200
2018-03-12 12:32:11 INFO  ApacheHttpClient.testConnection(192) - result = true
2018-03-12 12:32:25 INFO  ApacheHttpClient.sendEvent(457) - responseCode = 200
2018-03-12 12:33:25 INFO  ApacheHttpClient.sendEvent(457) - responseCode = 200
2018-03-12 12:34:25 INFO  ApacheHttpClient.sendEvent(457) - responseCode = 200
2018-03-12 12:35:25 INFO  ApacheHttpClient.sendEvent(457) - responseCode = 200
2018-03-12 12:36:25 INFO  ApacheHttpClient.sendEvent(457) - responseCode = 200
2018-03-12 12:37:25 INFO  ApacheHttpClient.sendEvent(457) - responseCode = 200
2018-03-12 12:38:25 INFO  ApacheHttpClient.sendEvent(457) - responseCode = 200
2018-03-12 12:39:25 INFO  ApacheHttpClient.sendEvent(457) - responseCode = 200
2018-03-12 12:40:25 INFO  ApacheHttpClient.sendEvent(457) - responseCode = 200
2018-03-12 12:41:25 INFO  ApacheHttpClient.sendEvent(457) - responseCode = 200
2018-03-12 12:42:25 INFO  ApacheHttpClient.sendEvent(457) - responseCode = 200
2018-03-12 12:43:25 INFO  ApacheHttpClient.sendEvent(457) - responseCode = 200
2018-03-12 12:44:25 INFO  ApacheHttpClient.sendEvent(457) - responseCode = 200
2018-03-12 12:45:25 INFO  ApacheHttpClient.sendEvent(457) - responseCode = 200
2018-03-12 12:46:25 INFO  ApacheHttpClient.sendEvent(457) - responseCode = 200
2018-03-12 12:47:25 INFO  ApacheHttpClient.sendEvent(457) - responseCode = 200
2018-03-12 12:48:25 INFO  ApacheHttpClient.sendEvent(457) - responseCode = 200
2018-03-12 12:49:25 INFO  ApacheHttpClient.sendEvent(457) - responseCode = 200
2018-03-12 12:50:25 INFO  ApacheHttpClient.sendEvent(457) - responseCode = 200
2018-03-12 12:51:25 INFO  ApacheHttpClient.sendEvent(457) - responseCode = 200
2018-03-12 12:52:25 INFO  ApacheHttpClient.sendEvent(457) - responseCode = 200
2018-03-12 12:53:25 INFO  ApacheHttpClient.sendEvent(457) - responseCode = 200
2018-03-12 12:54:25 INFO  ApacheHttpClient.sendEvent(457) - responseCode = 200
2018-03-12 12:55:25 INFO  ApacheHttpClient.sendEvent(457) - responseCode = 200
2018-03-12 12:56:25 INFO  ApacheHttpClient.sendEvent(457) - responseCode = 200
2018-03-12 12:57:25 INFO  ApacheHttpClient.sendEvent(457) - responseCode = 200
2018-03-12 12:58:25 INFO  ApacheHttpClient.sendEvent(457) - responseCode = 200
2018-03-12 12:59:25 INFO  ApacheHttpClient.sendEvent(457) - responseCode = 200
2018-03-12 13:00:25 INFO  ApacheHttpClient.sendEvent(457) - responseCode = 200
2018-03-12 13:00:37 INFO  ApacheHttpClient.getWebResourceAsStream(427) - responseCode = 200
2018-03-12 13:00:38 INFO  ApacheHttpClient.getTask(412) - responseCode = 200
2018-03-12 13:00:38 INFO  ApacheHttpClient.getWebResourceAsStream(427) - responseCode = 200
2018-03-12 13:00:40 INFO  ApacheHttpClient.completed(27) - responseCode = 200
2018-03-12 13:00:40 INFO  ApacheHttpClient.getTask(412) - responseCode = 200
2018-03-12 13:00:47 INFO  ApacheHttpClient.getWebResourceAsStream(427) - responseCode = 200
2018-03-12 13:00:47 WARN  JavaRushUtil.getCurrentTask(68) - Ошибка получения ключа задачи.
2018-03-12 13:00:47 INFO  ApacheHttpClient.getTask(412) - responseCode = 200
2018-03-12 13:01:25 INFO  ApacheHttpClient.sendEvent(457) - responseCode = 200
2018-03-12 13:02:25 INFO  ApacheHttpClient.sendEvent(457) - responseCode = 200
2018-03-12 13:03:25 INFO  ApacheHttpClient.sendEvent(457) - responseCode = 200
2018-03-12 13:04:25 INFO  ApacheHttpClient.sendEvent(457) - responseCode = 200
2018-03-12 13:05:25 INFO  ApacheHttpClient.sendEvent(457) - responseCode = 200
2018-03-12 13:06:25 INFO  ApacheHttpClient.sendEvent(457) - responseCode = 200
2018-03-12 13:07:25 INFO  ApacheHttpClient.sendEvent(457) - responseCode = 200
2018-03-12 13:08:25 INFO  ApacheHttpClient.sendEvent(457) - responseCode = 200
2018-03-12 13:08:39 INFO  ApacheHttpClient.getWebResourceAsStream(427) - responseCode = 200
2018-03-12 13:08:39 INFO  ApacheHttpClient.getFilteredTasks(314) - responseCode = 200
2018-03-12 13:08:56 INFO  ApacheHttpClient.getTaskTemplateInfo(331) - responseCode = 200
2018-03-12 13:08:56 INFO  ApacheHttpClient.testConnection(184) - responseCode = 200
2018-03-12 13:08:56 INFO  ApacheHttpClient.testConnection(192) - result = true
2018-03-12 13:08:56 INFO  ApacheHttpClient.testConnection(184) - responseCode = 200
2018-03-12 13:08:56 INFO  ApacheHttpClient.testConnection(192) - result = true
2018-03-12 13:08:56 INFO  ApacheHttpClient.getWebResourceAsStream(427) - responseCode = 200
2018-03-12 13:09:25 INFO  ApacheHttpClient.sendEvent(457) - responseCode = 200
2018-03-12 13:10:25 INFO  ApacheHttpClient.sendEvent(457) - responseCode = 200
2018-03-12 13:11:25 INFO  ApacheHttpClient.sendEvent(457) - responseCode = 200
2018-03-12 13:12:25 INFO  ApacheHttpClient.sendEvent(457) - responseCode = 200
2018-03-12 13:13:25 INFO  ApacheHttpClient.sendEvent(457) - responseCode = 200
2018-03-12 13:14:25 INFO  ApacheHttpClient.sendEvent(457) - responseCode = 200
2018-03-12 13:15:26 INFO  ApacheHttpClient.sendEvent(457) - responseCode = 200
2018-03-12 13:16:26 INFO  ApacheHttpClient.sendEvent(457) - responseCode = 200
2018-03-12 13:17:26 INFO  ApacheHttpClient.sendEvent(457) - responseCode = 200
2018-03-12 13:18:26 INFO  ApacheHttpClient.sendEvent(457) - responseCode = 200
2018-03-12 13:19:26 INFO  ApacheHttpClient.sendEvent(457) - responseCode = 200
2018-03-12 13:20:26 INFO  ApacheHttpClient.sendEvent(457) - responseCode = 200
2018-03-12 13:21:14 INFO  ApacheHttpClient.getWebResourceAsStream(427) - responseCode = 200
2018-03-12 13:21:15 INFO  ApacheHttpClient.getWebResourceAsStream(427) - responseCode = 200
2018-03-12 13:21:15 INFO  ApacheHttpClient.getTask(412) - responseCode = 200
2018-03-12 13:21:16 INFO  ApacheHttpClient.completed(27) - responseCode = 200
2018-03-12 13:21:17 INFO  ApacheHttpClient.getTask(412) - responseCode = 200
2018-03-12 13:21:19 INFO  ApacheHttpClient.getWebResourceAsStream(427) - responseCode = 200
2018-03-12 13:21:19 INFO  ApacheHttpClient.getFilteredTasks(314) - responseCode = 200
2018-03-12 13:21:26 INFO  ApacheHttpClient.sendEvent(457) - responseCode = 200
2018-03-12 13:22:26 INFO  ApacheHttpClient.sendEvent(457) - responseCode = 200
2018-03-12 13:23:26 INFO  ApacheHttpClient.sendEvent(457) - responseCode = 200
2018-03-12 13:24:26 INFO  ApacheHttpClient.sendEvent(457) - responseCode = 200
2018-03-12 13:25:26 INFO  ApacheHttpClient.sendEvent(457) - responseCode = 200
2018-03-12 13:26:26 INFO  ApacheHttpClient.sendEvent(457) - responseCode = 200
2018-03-12 13:27:26 INFO  ApacheHttpClient.sendEvent(457) - responseCode = 200
2018-03-12 13:28:26 INFO  ApacheHttpClient.sendEvent(457) - responseCode = 200
2018-03-12 13:29:26 INFO  ApacheHttpClient.sendEvent(457) - responseCode = 200
2018-03-12 13:30:26 INFO  ApacheHttpClient.sendEvent(457) - responseCode = 200
2018-03-12 13:31:26 INFO  ApacheHttpClient.sendEvent(457) - responseCode = 200
2018-03-12 13:32:26 INFO  ApacheHttpClient.sendEvent(457) - responseCode = 200
2018-03-12 13:33:26 INFO  ApacheHttpClient.sendEvent(457) - responseCode = 200
2018-03-12 13:34:26 INFO  ApacheHttpClient.sendEvent(457) - responseCode = 200
2018-03-12 13:35:26 INFO  ApacheHttpClient.sendEvent(457) - responseCode = 200
2018-03-12 13:36:26 INFO  ApacheHttpClient.sendEvent(457) - responseCode = 200
2018-03-12 13:37:26 INFO  ApacheHttpClient.sendEvent(457) - responseCode = 200
2018-03-12 13:38:26 INFO  ApacheHttpClient.sendEvent(457) - responseCode = 200
2018-03-12 13:39:26 INFO  ApacheHttpClient.sendEvent(457) - responseCode = 200
2018-03-12 13:40:26 INFO  ApacheHttpClient.sendEvent(457) - responseCode = 200
2018-03-12 13:41:26 INFO  ApacheHttpClient.sendEvent(457) - responseCode = 200
2018-03-12 13:42:26 INFO  ApacheHttpClient.sendEvent(457) - responseCode = 200
2018-03-12 13:43:26 INFO  ApacheHttpClient.sendEvent(457) - responseCode = 200
2018-03-12 13:44:26 INFO  ApacheHttpClient.sendEvent(457) - responseCode = 200
2018-03-12 13:45:26 INFO  ApacheHttpClient.sendEvent(457) - responseCode = 200
2018-03-12 13:46:26 INFO  ApacheHttpClient.sendEvent(457) - responseCode = 200
2018-03-12 13:47:26 INFO  ApacheHttpClient.sendEvent(457) - responseCode = 200
2018-03-12 13:48:26 INFO  ApacheHttpClient.sendEvent(457) - responseCode = 200
2018-03-12 13:49:26 INFO  ApacheHttpClient.sendEvent(457) - responseCode = 200
2018-03-12 13:50:26 INFO  ApacheHttpClient.sendEvent(457) - responseCode = 200
2018-03-12 13:51:26 INFO  ApacheHttpClient.sendEvent(457) - responseCode = 200
2018-03-12 13:52:26 INFO  ApacheHttpClient.sendEvent(457) - responseCode = 200
2018-03-12 13:53:26 INFO  ApacheHttpClient.sendEvent(457) - responseCode = 200
2018-03-12 13:54:26 INFO  ApacheHttpClient.sendEvent(457) - responseCode = 200
2018-03-12 13:55:26 INFO  ApacheHttpClient.sendEvent(457) - responseCode = 200
2018-03-12 13:56:26 INFO  ApacheHttpClient.sendEvent(457) - responseCode = 200
2018-03-12 13:57:26 INFO  ApacheHttpClient.sendEvent(457) - responseCode = 200
2018-03-12 13:58:26 INFO  ApacheHttpClient.sendEvent(457) - responseCode = 200
2018-03-12 13:59:26 INFO  ApacheHttpClient.sendEvent(457) - responseCode = 200
2018-03-12 14:00:26 INFO  ApacheHttpClient.sendEvent(457) - responseCode = 200
2018-03-12 14:01:26 INFO  ApacheHttpClient.sendEvent(457) - responseCode = 200
2018-03-12 14:02:26 INFO  ApacheHttpClient.sendEvent(457) - responseCode = 200
2018-03-12 14:03:26 INFO  ApacheHttpClient.sendEvent(457) - responseCode = 200
2018-03-12 14:04:26 INFO  ApacheHttpClient.sendEvent(457) - responseCode = 200
2018-03-12 14:05:26 INFO  ApacheHttpClient.sendEvent(457) - responseCode = 200
2018-03-12 14:06:26 INFO  ApacheHttpClient.sendEvent(457) - responseCode = 200
2018-03-12 14:07:26 INFO  ApacheHttpClient.sendEvent(457) - responseCode = 200
2018-03-12 14:08:26 INFO  ApacheHttpClient.sendEvent(457) - responseCode = 200
2018-03-12 14:09:26 INFO  ApacheHttpClient.sendEvent(457) - responseCode = 200
2018-03-12 14:10:26 INFO  ApacheHttpClient.sendEvent(457) - responseCode = 200
2018-03-12 14:11:26 INFO  ApacheHttpClient.sendEvent(457) - responseCode = 200
2018-03-12 14:12:26 INFO  ApacheHttpClient.sendEvent(457) - responseCode = 200
2018-03-12 14:13:26 INFO  ApacheHttpClient.sendEvent(457) - responseCode = 200
2018-03-12 14:14:26 INFO  ApacheHttpClient.sendEvent(457) - responseCode = 200
2018-03-12 14:15:26 INFO  ApacheHttpClient.sendEvent(457) - responseCode = 200
2018-03-12 14:16:26 INFO  ApacheHttpClient.sendEvent(457) - responseCode = 200
2018-03-12 14:17:26 INFO  ApacheHttpClient.sendEvent(457) - responseCode = 200
2018-03-12 14:18:26 INFO  ApacheHttpClient.sendEvent(457) - responseCode = 200
2018-03-12 14:19:26 INFO  ApacheHttpClient.sendEvent(457) - responseCode = 200
2018-03-12 14:20:26 INFO  ApacheHttpClient.sendEvent(457) - responseCode = 200
2018-03-12 14:21:26 INFO  ApacheHttpClient.sendEvent(457) - responseCode = 200
2018-03-12 14:22:26 INFO  ApacheHttpClient.sendEvent(457) - responseCode = 200
2018-03-12 14:23:26 INFO  ApacheHttpClient.sendEvent(457) - responseCode = 200
2018-03-12 14:24:26 INFO  ApacheHttpClient.sendEvent(457) - responseCode = 200
2018-03-12 14:25:26 INFO  ApacheHttpClient.sendEvent(457) - responseCode = 200
2018-03-12 14:26:26 INFO  ApacheHttpClient.sendEvent(457) - responseCode = 200
2018-03-12 14:27:26 INFO  ApacheHttpClient.sendEvent(457) - responseCode = 200
2018-03-12 14:28:26 INFO  ApacheHttpClient.sendEvent(457) - responseCode = 200
2018-03-12 14:29:26 INFO  ApacheHttpClient.sendEvent(457) - responseCode = 200
2018-03-12 14:30:26 INFO  ApacheHttpClient.sendEvent(457) - responseCode = 200
2018-03-12 14:31:26 INFO  ApacheHttpClient.sendEvent(457) - responseCode = 200
2018-03-12 14:32:26 INFO  ApacheHttpClient.sendEvent(457) - responseCode = 200
2018-03-12 14:33:26 INFO  ApacheHttpClient.sendEvent(457) - responseCode = 200
2018-03-12 14:34:26 INFO  ApacheHttpClient.sendEvent(457) - responseCode = 200
2018-03-12 14:35:26 INFO  ApacheHttpClient.sendEvent(457) - responseCode = 200
2018-03-12 14:36:26 INFO  ApacheHttpClient.sendEvent(457) - responseCode = 200
2018-03-12 14:37:08 INFO  ApacheHttpClient.getWebResourceAsStream(427) - responseCode = 200
2018-03-12 14:37:08 INFO  ApacheHttpClient.getFilteredTasks(314) - responseCode = 200
2018-03-12 14:37:10 INFO  ApacheHttpClient.getTaskTemplateInfo(331) - responseCode = 200
2018-03-12 14:37:10 INFO  ApacheHttpClient.testConnection(184) - responseCode = 200
2018-03-12 14:37:10 INFO  ApacheHttpClient.testConnection(192) - result = true
2018-03-12 14:37:11 INFO  ApacheHttpClient.testConnection(184) - responseCode = 200
2018-03-12 14:37:11 INFO  ApacheHttpClient.testConnection(192) - result = true
2018-03-12 14:37:11 INFO  ApacheHttpClient.getWebResourceAsStream(427) - responseCode = 200
2018-03-12 14:37:26 INFO  ApacheHttpClient.sendEvent(457) - responseCode = 200
2018-03-12 14:38:26 INFO  ApacheHttpClient.sendEvent(457) - responseCode = 200
2018-03-12 14:39:26 INFO  ApacheHttpClient.sendEvent(457) - responseCode = 200
2018-03-12 14:40:26 INFO  ApacheHttpClient.sendEvent(457) - responseCode = 200
2018-03-12 14:41:26 INFO  ApacheHttpClient.sendEvent(457) - responseCode = 200
2018-03-12 14:41:44 INFO  ApacheHttpClient.testConnection(184) - responseCode = 200
2018-03-12 14:41:44 INFO  ApacheHttpClient.testConnection(192) - result = true
2018-03-12 14:42:26 INFO  ApacheHttpClient.sendEvent(457) - responseCode = 200
2018-03-12 14:43:26 INFO  ApacheHttpClient.sendEvent(457) - responseCode = 200
2018-03-12 14:43:47 INFO  ApacheHttpClient.getWebResourceAsStream(427) - responseCode = 200
2018-03-12 14:43:47 INFO  ApacheHttpClient.getWebResourceAsStream(427) - responseCode = 200
2018-03-12 14:43:47 INFO  ApacheHttpClient.getTask(412) - responseCode = 200
2018-03-12 14:43:49 INFO  ApacheHttpClient.completed(27) - responseCode = 200
2018-03-12 14:43:49 INFO  ApacheHttpClient.getTask(412) - responseCode = 200
2018-03-12 14:43:51 INFO  ApacheHttpClient.getWebResourceAsStream(427) - responseCode = 200
2018-03-12 14:43:51 INFO  ApacheHttpClient.getFilteredTasks(314) - responseCode = 200
2018-03-12 14:43:55 INFO  ApacheHttpClient.getTaskTemplateInfo(331) - responseCode = 200
2018-03-12 14:43:55 INFO  ApacheHttpClient.testConnection(184) - responseCode = 200
2018-03-12 14:43:55 INFO  ApacheHttpClient.testConnection(192) - result = true
2018-03-12 14:43:55 INFO  ApacheHttpClient.testConnection(184) - responseCode = 200
2018-03-12 14:43:55 INFO  ApacheHttpClient.testConnection(192) - result = true
2018-03-12 14:43:55 INFO  ApacheHttpClient.getWebResourceAsStream(427) - responseCode = 200
2018-03-12 14:44:26 INFO  ApacheHttpClient.sendEvent(457) - responseCode = 200
2018-03-12 14:45:26 INFO  ApacheHttpClient.sendEvent(457) - responseCode = 200
2018-03-12 14:46:26 INFO  ApacheHttpClient.sendEvent(457) - responseCode = 200
2018-03-12 14:47:26 INFO  ApacheHttpClient.sendEvent(457) - responseCode = 200
2018-03-12 14:48:26 INFO  ApacheHttpClient.sendEvent(457) - responseCode = 200
2018-03-12 14:49:26 INFO  ApacheHttpClient.sendEvent(457) - responseCode = 200
2018-03-12 14:50:26 INFO  ApacheHttpClient.sendEvent(457) - responseCode = 200
2018-03-12 14:51:26 INFO  ApacheHttpClient.sendEvent(457) - responseCode = 200
2018-03-12 14:52:26 INFO  ApacheHttpClient.sendEvent(457) - responseCode = 200
2018-03-12 14:53:26 INFO  ApacheHttpClient.sendEvent(457) - responseCode = 200
2018-03-12 14:54:26 INFO  ApacheHttpClient.sendEvent(457) - responseCode = 200
2018-03-12 14:55:26 INFO  ApacheHttpClient.sendEvent(457) - responseCode = 200
2018-03-12 14:56:26 INFO  ApacheHttpClient.sendEvent(457) - responseCode = 200
2018-03-12 14:57:26 INFO  ApacheHttpClient.sendEvent(457) - responseCode = 200
2018-03-12 14:58:26 INFO  ApacheHttpClient.sendEvent(457) - responseCode = 200
2018-03-12 14:59:26 INFO  ApacheHttpClient.sendEvent(457) - responseCode = 200
2018-03-12 15:00:26 INFO  ApacheHttpClient.sendEvent(457) - responseCode = 200
2018-03-12 15:01:26 INFO  ApacheHttpClient.sendEvent(457) - responseCode = 200
2018-03-12 15:02:26 INFO  ApacheHttpClient.sendEvent(457) - responseCode = 200
2018-03-12 15:03:26 INFO  ApacheHttpClient.sendEvent(457) - responseCode = 200
2018-03-12 15:04:26 INFO  ApacheHttpClient.sendEvent(457) - responseCode = 200
2018-03-12 15:05:26 INFO  ApacheHttpClient.sendEvent(457) - responseCode = 200
2018-03-12 15:06:26 INFO  ApacheHttpClient.sendEvent(457) - responseCode = 200
2018-03-12 15:07:26 INFO  ApacheHttpClient.sendEvent(457) - responseCode = 200
2018-03-12 15:07:27 INFO  ApacheHttpClient.testConnection(184) - responseCode = 200
2018-03-12 15:07:27 INFO  ApacheHttpClient.testConnection(192) - result = true
2018-03-12 15:08:26 INFO  ApacheHttpClient.sendEvent(457) - responseCode = 200
2018-03-12 15:09:26 INFO  ApacheHttpClient.sendEvent(457) - responseCode = 200
2018-03-12 15:10:26 INFO  ApacheHttpClient.sendEvent(457) - responseCode = 200
2018-03-12 15:11:26 INFO  ApacheHttpClient.sendEvent(457) - responseCode = 200
2018-03-12 15:12:26 INFO  ApacheHttpClient.sendEvent(457) - responseCode = 200
2018-03-12 15:13:26 INFO  ApacheHttpClient.sendEvent(457) - responseCode = 200
2018-03-12 15:14:26 INFO  ApacheHttpClient.sendEvent(457) - responseCode = 200
2018-03-12 15:15:26 INFO  ApacheHttpClient.sendEvent(457) - responseCode = 200
2018-03-12 15:16:01 INFO  ApacheHttpClient.getWebResourceAsStream(427) - responseCode = 200
2018-03-12 15:16:01 INFO  ApacheHttpClient.getTask(412) - responseCode = 200
2018-03-12 15:16:26 INFO  ApacheHttpClient.sendEvent(457) - responseCode = 200
2018-03-12 15:17:26 INFO  ApacheHttpClient.sendEvent(457) - responseCode = 200
2018-03-12 15:18:26 INFO  ApacheHttpClient.sendEvent(457) - responseCode = 200
2018-03-12 15:19:26 INFO  ApacheHttpClient.sendEvent(457) - responseCode = 200
2018-03-12 15:20:26 INFO  ApacheHttpClient.sendEvent(457) - responseCode = 200
2018-03-12 15:21:26 INFO  ApacheHttpClient.sendEvent(457) - responseCode = 200
2018-03-12 15:22:26 INFO  ApacheHttpClient.sendEvent(457) - responseCode = 200
2018-03-12 15:23:26 INFO  ApacheHttpClient.sendEvent(457) - responseCode = 200
2018-03-12 15:23:38 INFO  ApacheHttpClient.getWebResourceAsStream(427) - responseCode = 200
2018-03-12 15:23:38 INFO  ApacheHttpClient.getTask(412) - responseCode = 200
2018-03-12 15:24:26 INFO  ApacheHttpClient.sendEvent(457) - responseCode = 200
2018-03-12 15:25:26 INFO  ApacheHttpClient.sendEvent(457) - responseCode = 200
2018-03-12 15:26:26 INFO  ApacheHttpClient.sendEvent(457) - responseCode = 200
2018-03-12 15:27:26 INFO  ApacheHttpClient.sendEvent(457) - responseCode = 200
2018-03-12 15:28:26 INFO  ApacheHttpClient.sendEvent(457) - responseCode = 200
2018-03-12 15:29:26 INFO  ApacheHttpClient.sendEvent(457) - responseCode = 200
2018-03-12 15:30:26 INFO  ApacheHttpClient.sendEvent(457) - responseCode = 200
2018-03-12 15:31:26 INFO  ApacheHttpClient.sendEvent(457) - responseCode = 200
2018-03-12 15:32:26 INFO  ApacheHttpClient.sendEvent(457) - responseCode = 200
2018-03-12 15:33:26 INFO  ApacheHttpClient.sendEvent(457) - responseCode = 200
2018-03-12 15:34:05 INFO  ApacheHttpClient.getWebResourceAsStream(427) - responseCode = 200
2018-03-12 15:34:05 INFO  ApacheHttpClient.getWebResourceAsStream(427) - responseCode = 200
2018-03-12 15:34:06 INFO  ApacheHttpClient.getTask(412) - responseCode = 200
2018-03-12 15:34:06 INFO  ApacheHttpClient.completed(27) - responseCode = 200
2018-03-12 15:34:26 INFO  ApacheHttpClient.sendEvent(457) - responseCode = 200
2018-03-12 15:34:36 INFO  ApacheHttpClient.getWebResourceAsStream(427) - responseCode = 200
2018-03-12 15:34:36 INFO  ApacheHttpClient.getTask(412) - responseCode = 200
2018-03-12 15:34:36 INFO  ApacheHttpClient.getWebResourceAsStream(427) - responseCode = 200
2018-03-12 15:34:37 INFO  ApacheHttpClient.completed(27) - responseCode = 200
2018-03-12 15:34:38 INFO  ApacheHttpClient.getTask(412) - responseCode = 200
2018-03-12 15:35:26 INFO  ApacheHttpClient.sendEvent(457) - responseCode = 200
2018-03-12 15:36:26 INFO  ApacheHttpClient.sendEvent(457) - responseCode = 200
2018-03-12 15:37:26 INFO  ApacheHttpClient.sendEvent(457) - responseCode = 200
2018-03-12 15:38:26 INFO  ApacheHttpClient.sendEvent(457) - responseCode = 200
2018-03-12 15:39:26 INFO  ApacheHttpClient.sendEvent(457) - responseCode = 200
2018-03-12 15:39:44 INFO  ApacheHttpClient.getWebResourceAsStream(427) - responseCode = 200
2018-03-12 15:39:44 INFO  ApacheHttpClient.getFilteredTasks(314) - responseCode = 200
2018-03-12 15:40:26 INFO  ApacheHttpClient.sendEvent(457) - responseCode = 200
